{"C:\\Users\\gabri\\OneDrive\\Documentos\\GitHub\\IFSP_Anote---Front\\src\\components\\AuthForm.jsx": {"path":"C:\\Users\\gabri\\OneDrive\\Documentos\\GitHub\\IFSP_Anote---Front\\src\\components\\AuthForm.jsx","statementMap":{"0":{"start":{"line":23,"column":34},"end":{"line":23,"column":46}},"1":{"start":{"line":24,"column":16},"end":{"line":24,"column":26}},"2":{"start":{"line":26,"column":23},"end":{"line":31,"column":3}},"3":{"start":{"line":27,"column":4},"end":{"line":30,"column":8}},"4":{"start":{"line":27,"column":27},"end":{"line":30,"column":5}},"5":{"start":{"line":33,"column":23},"end":{"line":46,"column":3}},"6":{"start":{"line":34,"column":4},"end":{"line":34,"column":23}},"7":{"start":{"line":35,"column":4},"end":{"line":45,"column":5}},"8":{"start":{"line":36,"column":6},"end":{"line":36,"column":31}},"9":{"start":{"line":38,"column":6},"end":{"line":44,"column":9}},"10":{"start":{"line":48,"column":2},"end":{"line":115,"column":4}},"11":{"start":{"line":77,"column":12},"end":{"line":91,"column":26}}},"fnMap":{"0":{"name":"AuthForm","decl":{"start":{"line":15,"column":24},"end":{"line":15,"column":32}},"loc":{"start":{"line":22,"column":3},"end":{"line":116,"column":1}},"line":22},"1":{"name":"(anonymous_1)","decl":{"start":{"line":26,"column":23},"end":{"line":26,"column":24}},"loc":{"start":{"line":26,"column":30},"end":{"line":31,"column":3}},"line":26},"2":{"name":"(anonymous_2)","decl":{"start":{"line":27,"column":16},"end":{"line":27,"column":17}},"loc":{"start":{"line":27,"column":27},"end":{"line":30,"column":5}},"line":27},"3":{"name":"(anonymous_3)","decl":{"start":{"line":33,"column":23},"end":{"line":33,"column":24}},"loc":{"start":{"line":33,"column":36},"end":{"line":46,"column":3}},"line":33},"4":{"name":"(anonymous_4)","decl":{"start":{"line":76,"column":22},"end":{"line":76,"column":23}},"loc":{"start":{"line":77,"column":12},"end":{"line":91,"column":26}},"line":77}},"branchMap":{"0":{"loc":{"start":{"line":69,"column":9},"end":{"line":71,"column":41}},"type":"cond-expr","locations":[{"start":{"line":70,"column":12},"end":{"line":70,"column":33}},{"start":{"line":71,"column":12},"end":{"line":71,"column":41}}],"line":69},"1":{"loc":{"start":{"line":106,"column":7},"end":{"line":113,"column":7}},"type":"binary-expr","locations":[{"start":{"line":106,"column":7},"end":{"line":106,"column":17}},{"start":{"line":107,"column":8},"end":{"line":112,"column":15}}],"line":106}},"s":{"0":9,"1":9,"2":9,"3":6,"4":6,"5":9,"6":3,"7":3,"8":3,"9":2,"10":9,"11":18},"f":{"0":9,"1":6,"2":6,"3":3,"4":18},"b":{"0":[9,0],"1":[9,6]},"_coverageSchema":"1a1c01bbd47fc00a2c39e90264f33305004495a9","hash":"32d8a1833692b035cbd46bd1b6c48b5d44c8f07f"}
,"C:\\Users\\gabri\\OneDrive\\Documentos\\GitHub\\IFSP_Anote---Front\\src\\pages\\LoginPage.jsx": {"path":"C:\\Users\\gabri\\OneDrive\\Documentos\\GitHub\\IFSP_Anote---Front\\src\\pages\\LoginPage.jsx","statementMap":{"0":{"start":{"line":5,"column":22},"end":{"line":27,"column":3}},"1":{"start":{"line":6,"column":4},"end":{"line":6,"column":47}},"2":{"start":{"line":8,"column":21},"end":{"line":15,"column":6}},"3":{"start":{"line":17,"column":4},"end":{"line":22,"column":5}},"4":{"start":{"line":18,"column":6},"end":{"line":20,"column":7}},"5":{"start":{"line":19,"column":8},"end":{"line":19,"column":53}},"6":{"start":{"line":21,"column":6},"end":{"line":21,"column":62}},"7":{"start":{"line":24,"column":20},"end":{"line":24,"column":41}},"8":{"start":{"line":25,"column":4},"end":{"line":25,"column":61}},"9":{"start":{"line":26,"column":4},"end":{"line":26,"column":60}},"10":{"start":{"line":29,"column":2},"end":{"line":43,"column":4}}},"fnMap":{"0":{"name":"LoginPage","decl":{"start":{"line":4,"column":24},"end":{"line":4,"column":33}},"loc":{"start":{"line":4,"column":36},"end":{"line":44,"column":1}},"line":4},"1":{"name":"(anonymous_1)","decl":{"start":{"line":5,"column":22},"end":{"line":5,"column":23}},"loc":{"start":{"line":5,"column":50},"end":{"line":27,"column":3}},"line":5}},"branchMap":{"0":{"loc":{"start":{"line":17,"column":4},"end":{"line":22,"column":5}},"type":"if","locations":[{"start":{"line":17,"column":4},"end":{"line":22,"column":5}},{"start":{},"end":{}}],"line":17},"1":{"loc":{"start":{"line":18,"column":6},"end":{"line":20,"column":7}},"type":"if","locations":[{"start":{"line":18,"column":6},"end":{"line":20,"column":7}},{"start":{},"end":{}}],"line":18}},"s":{"0":2,"1":2,"2":2,"3":2,"4":1,"5":1,"6":0,"7":1,"8":1,"9":1,"10":2},"f":{"0":2,"1":2},"b":{"0":[1,1],"1":[1,0]},"_coverageSchema":"1a1c01bbd47fc00a2c39e90264f33305004495a9","hash":"8792f6f836cf15ac0cbffc816f8c39e3961c2436"}
,"C:\\Users\\gabri\\OneDrive\\Documentos\\GitHub\\IFSP_Anote---Front\\src\\pages\\RegisterPage.jsx": {"path":"C:\\Users\\gabri\\OneDrive\\Documentos\\GitHub\\IFSP_Anote---Front\\src\\pages\\RegisterPage.jsx","statementMap":{"0":{"start":{"line":5,"column":25},"end":{"line":19,"column":3}},"1":{"start":{"line":6,"column":21},"end":{"line":10,"column":6}},"2":{"start":{"line":12,"column":4},"end":{"line":14,"column":5}},"3":{"start":{"line":13,"column":6},"end":{"line":13,"column":62}},"4":{"start":{"line":16,"column":20},"end":{"line":16,"column":41}},"5":{"start":{"line":17,"column":4},"end":{"line":17,"column":63}},"6":{"start":{"line":18,"column":4},"end":{"line":18,"column":36}},"7":{"start":{"line":21,"column":2},"end":{"line":36,"column":4}}},"fnMap":{"0":{"name":"RegisterPage","decl":{"start":{"line":4,"column":24},"end":{"line":4,"column":36}},"loc":{"start":{"line":4,"column":39},"end":{"line":37,"column":1}},"line":4},"1":{"name":"(anonymous_1)","decl":{"start":{"line":5,"column":25},"end":{"line":5,"column":26}},"loc":{"start":{"line":5,"column":59},"end":{"line":19,"column":3}},"line":5}},"branchMap":{"0":{"loc":{"start":{"line":12,"column":4},"end":{"line":14,"column":5}},"type":"if","locations":[{"start":{"line":12,"column":4},"end":{"line":14,"column":5}},{"start":{},"end":{}}],"line":12}},"s":{"0":0,"1":0,"2":0,"3":0,"4":0,"5":0,"6":0,"7":0},"f":{"0":0,"1":0},"b":{"0":[0,0]},"_coverageSchema":"1a1c01bbd47fc00a2c39e90264f33305004495a9","hash":"5127a172a857b43c9ac44fc6151d1788dc103f5d"}
}
