TN:
SF:src\components\AuthForm.jsx
FN:15,AuthForm
FN:26,(anonymous_1)
FN:27,(anonymous_2)
FN:33,(anonymous_3)
FN:76,(anonymous_4)
FNF:5
FNH:5
FNDA:9,AuthForm
FNDA:6,(anonymous_1)
FNDA:6,(anonymous_2)
FNDA:3,(anonymous_3)
FNDA:18,(anonymous_4)
DA:23,9
DA:24,9
DA:26,9
DA:27,6
DA:33,9
DA:34,3
DA:35,3
DA:36,3
DA:38,2
DA:48,9
DA:77,18
LF:11
LH:11
BRDA:69,0,0,9
BRDA:69,0,1,0
BRDA:106,1,0,9
BRDA:106,1,1,6
BRF:4
BRH:3
end_of_record
TN:
SF:src\pages\LoginPage.jsx
FN:4,LoginPage
FN:5,(anonymous_1)
FNF:2
FNH:2
FNDA:2,LoginPage
FNDA:2,(anonymous_1)
DA:5,2
DA:6,2
DA:8,2
DA:17,2
DA:18,1
DA:19,1
DA:21,0
DA:24,1
DA:25,1
DA:26,1
DA:29,2
LF:11
LH:10
BRDA:17,0,0,1
BRDA:17,0,1,1
BRDA:18,1,0,1
BRDA:18,1,1,0
BRF:4
BRH:3
end_of_record
TN:
SF:src\pages\RegisterPage.jsx
FN:4,RegisterPage
FN:5,(anonymous_1)
FNF:2
FNH:0
FNDA:0,RegisterPage
FNDA:0,(anonymous_1)
DA:5,0
DA:6,0
DA:12,0
DA:13,0
DA:16,0
DA:17,0
DA:18,0
DA:21,0
LF:8
LH:0
BRDA:12,0,0,0
BRDA:12,0,1,0
BRF:2
BRH:0
end_of_record
